The following matches were found:
C:/Documentz/Theory Projects/assign2/.svn/format
C:/Documentz/Theory Projects/assign2/.svn/tmp
C:/Documentz/Theory Projects/assign2/lib/.svn/format
C:/Documentz/Theory Projects/assign2/lib/.svn/text-base/main.rb.svn-base
C:/Documentz/Theory Projects/assign2/lib/.svn/tmp
C:/Documentz/Theory Projects/assign2/lib/main.rb
C:/Documentz/Theory Projects/assign2/nbproject/.svn/format
C:/Documentz/Theory Projects/assign2/nbproject/.svn/text-base/project.xml.svn-base
C:/Documentz/Theory Projects/assign2/nbproject/.svn/tmp
C:/Documentz/Theory Projects/assign2/nbproject/private/.svn/format
C:/Documentz/Theory Projects/assign2/nbproject/private/.svn/text-base/private.xml.svn-base
C:/Documentz/Theory Projects/assign2/nbproject/private/.svn/tmp
C:/Documentz/Theory Projects/assign2/nbproject/private/private.xml
C:/Documentz/Theory Projects/assign2/nbproject/project.xml
C:/Documentz/Theory Projects/assign2/spec/.svn/format
C:/Documentz/Theory Projects/assign2/spec/.svn/tmp
C:/Documentz/Theory Projects/assign2/test/.svn/format
C:/Documentz/Theory Projects/assign2/test/.svn/tmp
The following matches were found:
C:/Documentz/Theory Projects/assign2/.svn/format
C:/Documentz/Theory Projects/assign2/.svn/text-base/README.svn-base
C:/Documentz/Theory Projects/assign2/.svn/tmp
C:/Documentz/Theory Projects/assign2/lib/.svn/format
C:/Documentz/Theory Projects/assign2/lib/.svn/text-base/main.rb.svn-base
C:/Documentz/Theory Projects/assign2/lib/.svn/tmp
C:/Documentz/Theory Projects/assign2/lib/main.rb
C:/Documentz/Theory Projects/assign2/nbproject/.svn/format
C:/Documentz/Theory Projects/assign2/nbproject/.svn/text-base/project.xml.svn-base
C:/Documentz/Theory Projects/assign2/nbproject/.svn/tmp
C:/Documentz/Theory Projects/assign2/nbproject/private/.svn/format
C:/Documentz/Theory Projects/assign2/nbproject/private/.svn/text-base/private.xml.svn-base
C:/Documentz/Theory Projects/assign2/nbproject/private/.svn/tmp
C:/Documentz/Theory Projects/assign2/nbproject/private/private.xml
C:/Documentz/Theory Projects/assign2/nbproject/project.xml
C:/Documentz/Theory Projects/assign2/README
C:/Documentz/Theory Projects/assign2/spec/.svn/format
C:/Documentz/Theory Projects/assign2/spec/.svn/tmp
C:/Documentz/Theory Projects/assign2/test/.svn/format
C:/Documentz/Theory Projects/assign2/test/.svn/tmp
The following matches were found:
C:/Documentz/Theory Projects/assign2/.svn
C:/Documentz/Theory Projects/assign2/lib/.svn
C:/Documentz/Theory Projects/assign2/nbproject/.svn
C:/Documentz/Theory Projects/assign2/nbproject/private/.svn
C:/Documentz/Theory Projects/assign2/spec/.svn
C:/Documentz/Theory Projects/assign2/test/.svn
The following matches were found:
C:/Documentz/Theory Projects/assign2/nbproject/private/private.xml
C:/Documentz/Theory Projects/assign2/nbproject/project.xml
The following matches were found:
C:/Documentz/Theory Projects/assign2/.svn
C:/Documentz/Theory Projects/assign2/lib/.svn
C:/Documentz/Theory Projects/assign2/nbproject/.svn
C:/Documentz/Theory Projects/assign2/nbproject/private/.svn
C:/Documentz/Theory Projects/assign2/spec/.svn
C:/Documentz/Theory Projects/assign2/test/.svn
The following matches were found:
C:/Documentz/Theory Projects/assign2/nbproject/.svn/text-base/project.properties.svn-base
C:/Documentz/Theory Projects/assign2/nbproject/.svn/text-base/project.xml.svn-base
C:/Documentz/Theory Projects/assign2/nbproject/project.properties
C:/Documentz/Theory Projects/assign2/nbproject/project.xml
The following matches were found:
C:/Documentz/Theory Projects/assign2/nbproject
C:/Documentz/Theory Projects/assign2/nbproject/.svn/text-base/project.properties.svn-base
C:/Documentz/Theory Projects/assign2/nbproject/.svn/text-base/project.xml.svn-base
C:/Documentz/Theory Projects/assign2/nbproject/project.properties
C:/Documentz/Theory Projects/assign2/nbproject/project.xml